{"numFailedTestSuites":0,"numFailedTests":0,"numPassedTestSuites":1,"numPassedTests":4,"numPendingTestSuites":0,"numPendingTests":0,"numRuntimeErrorTestSuites":0,"numTodoTests":0,"numTotalTestSuites":1,"numTotalTests":4,"openHandles":[],"snapshot":{"added":0,"didUpdate":false,"failure":false,"filesAdded":0,"filesRemoved":0,"filesRemovedList":[],"filesUnmatched":0,"filesUpdated":0,"matched":0,"total":0,"unchecked":0,"uncheckedKeysByFile":[],"unmatched":0,"updated":0},"startTime":1713517355916,"success":true,"testResults":[{"assertionResults":[{"ancestorTitles":["Tree helpers","search"],"duration":3,"failureDetails":[],"failureMessages":[],"fullName":"Tree helpers search should match by features title","invocations":1,"location":null,"numPassingAsserts":2,"retryReasons":[],"status":"passed","title":"should match by features title"},{"ancestorTitles":["Tree helpers","search"],"duration":0,"failureDetails":[],"failureMessages":[],"fullName":"Tree helpers search should match by subgroup title","invocations":1,"location":null,"numPassingAsserts":2,"retryReasons":[],"status":"passed","title":"should match by subgroup title"},{"ancestorTitles":["Tree helpers","search"],"duration":0,"failureDetails":[],"failureMessages":[],"fullName":"Tree helpers search should match by group title","invocations":1,"location":null,"numPassingAsserts":2,"retryReasons":[],"status":"passed","title":"should match by group title"},{"ancestorTitles":["Tree helpers","search"],"duration":1,"failureDetails":[],"failureMessages":[],"fullName":"Tree helpers search should match multiple nodes","invocations":1,"location":null,"numPassingAsserts":2,"retryReasons":[],"status":"passed","title":"should match multiple nodes"}],"endTime":1713517358097,"message":"","name":"/Users/ilerik/projects/hrtech/spec-box/web/src/tests/unit/tree.test.ts","startTime":1713517356409,"status":"passed","summary":""}],"wasInterrupted":false}
